2020-04-29 00:59:04,301 ERROR 77049 nodejs.ClusterClientNoResponseError: client no response in 2143393ms exceeding maxIdleTime 60000ms, maybe the connection is close on other side.
    at Timeout.Leader._heartbeatTimer.setInterval [as _onTimeout] (/Users/zhangmanlu/Desktop/shopping_mall/shopping_egg/node_modules/cluster-client/lib/leader.js:77:23)
    at ontimeout (timers.js:436:11)
    at tryOnTimeout (timers.js:300:5)
    at listOnTimeout (timers.js:263:5)
    at Timer.processTimers (timers.js:223:10)
name: "ClusterClientNoResponseError"
pid: 77049
hostname: zhangmanludeMBP.lan

2020-04-29 01:32:58,156 ERROR 77049 nodejs.ClusterClientNoResponseError: client no response in 2010409ms exceeding maxIdleTime 60000ms, maybe the connection is close on other side.
    at Timeout.Leader._heartbeatTimer.setInterval [as _onTimeout] (/Users/zhangmanlu/Desktop/shopping_mall/shopping_egg/node_modules/cluster-client/lib/leader.js:77:23)
    at ontimeout (timers.js:436:11)
    at tryOnTimeout (timers.js:300:5)
    at listOnTimeout (timers.js:263:5)
    at Timer.processTimers (timers.js:223:10)
name: "ClusterClientNoResponseError"
pid: 77049
hostname: zhangmanludeMBP.lan

2020-04-29 02:08:00,914 ERROR 77049 nodejs.ClusterClientNoResponseError: client no response in 2055896ms exceeding maxIdleTime 60000ms, maybe the connection is close on other side.
    at Timeout.Leader._heartbeatTimer.setInterval [as _onTimeout] (/Users/zhangmanlu/Desktop/shopping_mall/shopping_egg/node_modules/cluster-client/lib/leader.js:77:23)
    at ontimeout (timers.js:436:11)
    at tryOnTimeout (timers.js:300:5)
    at listOnTimeout (timers.js:263:5)
    at Timer.processTimers (timers.js:223:10)
name: "ClusterClientNoResponseError"
pid: 77049
hostname: zhangmanludeMBP.lan

2020-04-29 02:45:50,979 ERROR 77049 nodejs.ClusterClientNoResponseError: client no response in 2250050ms exceeding maxIdleTime 60000ms, maybe the connection is close on other side.
    at Timeout.Leader._heartbeatTimer.setInterval [as _onTimeout] (/Users/zhangmanlu/Desktop/shopping_mall/shopping_egg/node_modules/cluster-client/lib/leader.js:77:23)
    at ontimeout (timers.js:436:11)
    at tryOnTimeout (timers.js:300:5)
    at listOnTimeout (timers.js:263:5)
    at Timer.processTimers (timers.js:223:10)
name: "ClusterClientNoResponseError"
pid: 77049
hostname: zhangmanludeMBP.lan

2020-04-29 03:56:22,527 ERROR 77049 nodejs.ClusterClientNoResponseError: client no response in 2238735ms exceeding maxIdleTime 60000ms, maybe the connection is close on other side.
    at Timeout.Leader._heartbeatTimer.setInterval [as _onTimeout] (/Users/zhangmanlu/Desktop/shopping_mall/shopping_egg/node_modules/cluster-client/lib/leader.js:77:23)
    at ontimeout (timers.js:436:11)
    at tryOnTimeout (timers.js:300:5)
    at listOnTimeout (timers.js:263:5)
    at Timer.processTimers (timers.js:223:10)
name: "ClusterClientNoResponseError"
pid: 77049
hostname: zhangmanludeMBP.lan

2020-04-29 04:30:27,928 ERROR 77049 nodejs.ClusterClientNoResponseError: client no response in 2022773ms exceeding maxIdleTime 60000ms, maybe the connection is close on other side.
    at Timeout.Leader._heartbeatTimer.setInterval [as _onTimeout] (/Users/zhangmanlu/Desktop/shopping_mall/shopping_egg/node_modules/cluster-client/lib/leader.js:77:23)
    at ontimeout (timers.js:436:11)
    at tryOnTimeout (timers.js:300:5)
    at listOnTimeout (timers.js:263:5)
    at Timer.processTimers (timers.js:223:10)
name: "ClusterClientNoResponseError"
pid: 77049
hostname: zhangmanludeMBP.lan

2020-04-29 05:09:30,775 ERROR 77049 nodejs.ClusterClientNoResponseError: client no response in 2322085ms exceeding maxIdleTime 60000ms, maybe the connection is close on other side.
    at Timeout.Leader._heartbeatTimer.setInterval [as _onTimeout] (/Users/zhangmanlu/Desktop/shopping_mall/shopping_egg/node_modules/cluster-client/lib/leader.js:77:23)
    at ontimeout (timers.js:436:11)
    at tryOnTimeout (timers.js:300:5)
    at listOnTimeout (timers.js:263:5)
    at Timer.processTimers (timers.js:223:10)
name: "ClusterClientNoResponseError"
pid: 77049
hostname: zhangmanludeMBP.lan

2020-04-29 06:46:47,134 ERROR 77049 nodejs.ClusterClientNoResponseError: client no response in 1863095ms exceeding maxIdleTime 60000ms, maybe the connection is close on other side.
    at Timeout.Leader._heartbeatTimer.setInterval [as _onTimeout] (/Users/zhangmanlu/Desktop/shopping_mall/shopping_egg/node_modules/cluster-client/lib/leader.js:77:23)
    at ontimeout (timers.js:436:11)
    at tryOnTimeout (timers.js:300:5)
    at listOnTimeout (timers.js:263:5)
    at Timer.processTimers (timers.js:223:10)
name: "ClusterClientNoResponseError"
pid: 77049
hostname: zhangmanludeMBP.lan

2020-04-29 07:22:20,007 ERROR 77049 nodejs.ClusterClientNoResponseError: client no response in 2104076ms exceeding maxIdleTime 60000ms, maybe the connection is close on other side.
    at Timeout.Leader._heartbeatTimer.setInterval [as _onTimeout] (/Users/zhangmanlu/Desktop/shopping_mall/shopping_egg/node_modules/cluster-client/lib/leader.js:77:23)
    at ontimeout (timers.js:436:11)
    at tryOnTimeout (timers.js:300:5)
    at listOnTimeout (timers.js:263:5)
    at Timer.processTimers (timers.js:223:10)
name: "ClusterClientNoResponseError"
pid: 77049
hostname: zhangmanludeMBP.lan

2020-04-29 08:00:50,477 ERROR 77049 nodejs.ClusterClientNoResponseError: client no response in 182091ms exceeding maxIdleTime 60000ms, maybe the connection is close on other side.
    at Timeout.Leader._heartbeatTimer.setInterval [as _onTimeout] (/Users/zhangmanlu/Desktop/shopping_mall/shopping_egg/node_modules/cluster-client/lib/leader.js:77:23)
    at ontimeout (timers.js:436:11)
    at tryOnTimeout (timers.js:300:5)
    at listOnTimeout (timers.js:263:5)
    at Timer.processTimers (timers.js:223:10)
name: "ClusterClientNoResponseError"
pid: 77049
hostname: zhangmanludeMBP.lan

2020-04-29 21:13:25,754 ERROR 97629 nodejs.ClusterClientNoResponseError: client no response in 41431756ms exceeding maxIdleTime 60000ms, maybe the connection is close on other side.
    at Timeout.Leader._heartbeatTimer.setInterval [as _onTimeout] (/Users/zhangmanlu/Desktop/shopping_mall/shopping_egg/node_modules/cluster-client/lib/leader.js:77:23)
    at ontimeout (timers.js:436:11)
    at tryOnTimeout (timers.js:300:5)
    at listOnTimeout (timers.js:263:5)
    at Timer.processTimers (timers.js:223:10)
name: "ClusterClientNoResponseError"
pid: 97629
hostname: zhangmanludeMacBook-Pro.local

2020-05-03 05:36:05,315 ERROR 2472 nodejs.ClusterClientNoResponseError: client no response in 23731246ms exceeding maxIdleTime 60000ms, maybe the connection is close on other side.
    at Timeout.Leader._heartbeatTimer.setInterval [as _onTimeout] (/Users/zhangmanlu/Desktop/shopping_mall/shopping_egg/node_modules/cluster-client/lib/leader.js:77:23)
    at ontimeout (timers.js:436:11)
    at tryOnTimeout (timers.js:300:5)
    at listOnTimeout (timers.js:263:5)
    at Timer.processTimers (timers.js:223:10)
name: "ClusterClientNoResponseError"
pid: 2472
hostname: zhangmanludeMacBook-Pro.local

2020-05-03 14:30:21,147 ERROR 2472 nodejs.ClusterClientNoResponseError: client no response in 32035774ms exceeding maxIdleTime 60000ms, maybe the connection is close on other side.
    at Timeout.Leader._heartbeatTimer.setInterval [as _onTimeout] (/Users/zhangmanlu/Desktop/shopping_mall/shopping_egg/node_modules/cluster-client/lib/leader.js:77:23)
    at ontimeout (timers.js:436:11)
    at tryOnTimeout (timers.js:300:5)
    at listOnTimeout (timers.js:263:5)
    at Timer.processTimers (timers.js:223:10)
name: "ClusterClientNoResponseError"
pid: 2472
hostname: zhangmanludeMacBook-Pro.local

2020-05-03 22:49:32,251 ERROR 12540 nodejs.ClusterClientNoResponseError: client no response in 2334362ms exceeding maxIdleTime 60000ms, maybe the connection is close on other side.
    at Timeout.Leader._heartbeatTimer.setInterval [as _onTimeout] (/Users/zhangmanlu/Desktop/shopping_mall/shopping_egg/node_modules/cluster-client/lib/leader.js:77:23)
    at ontimeout (timers.js:436:11)
    at tryOnTimeout (timers.js:300:5)
    at listOnTimeout (timers.js:263:5)
    at Timer.processTimers (timers.js:223:10)
name: "ClusterClientNoResponseError"
pid: 12540
hostname: zhangmanludeMacBook-Pro.local

2020-05-03 23:30:06,439 ERROR 12540 nodejs.ClusterClientNoResponseError: client no response in 2394181ms exceeding maxIdleTime 60000ms, maybe the connection is close on other side.
    at Timeout.Leader._heartbeatTimer.setInterval [as _onTimeout] (/Users/zhangmanlu/Desktop/shopping_mall/shopping_egg/node_modules/cluster-client/lib/leader.js:77:23)
    at ontimeout (timers.js:436:11)
    at tryOnTimeout (timers.js:300:5)
    at listOnTimeout (timers.js:263:5)
    at Timer.processTimers (timers.js:223:10)
name: "ClusterClientNoResponseError"
pid: 12540
hostname: zhangmanludeMacBook-Pro.local

2020-05-04 00:10:31,622 ERROR 12540 nodejs.ClusterClientNoResponseError: client no response in 2385185ms exceeding maxIdleTime 60000ms, maybe the connection is close on other side.
    at Timeout.Leader._heartbeatTimer.setInterval [as _onTimeout] (/Users/zhangmanlu/Desktop/shopping_mall/shopping_egg/node_modules/cluster-client/lib/leader.js:77:23)
    at ontimeout (timers.js:436:11)
    at tryOnTimeout (timers.js:300:5)
    at listOnTimeout (timers.js:263:5)
    at Timer.processTimers (timers.js:223:10)
name: "ClusterClientNoResponseError"
pid: 12540
hostname: zhangmanludeMacBook-Pro.local

2020-05-04 00:46:30,788 ERROR 12540 nodejs.ClusterClientNoResponseError: client no response in 2139144ms exceeding maxIdleTime 60000ms, maybe the connection is close on other side.
    at Timeout.Leader._heartbeatTimer.setInterval [as _onTimeout] (/Users/zhangmanlu/Desktop/shopping_mall/shopping_egg/node_modules/cluster-client/lib/leader.js:77:23)
    at ontimeout (timers.js:436:11)
    at tryOnTimeout (timers.js:300:5)
    at listOnTimeout (timers.js:263:5)
    at Timer.processTimers (timers.js:223:10)
name: "ClusterClientNoResponseError"
pid: 12540
hostname: zhangmanludeMacBook-Pro.local

